{"topic":"Get Quiz Details","message":"Quiz Data Fetched successfully","level":"info"}
{"message":{"File Type":"text/csv","Function":"checkFileType"},"level":"info"}
{"message":{"File Type":"text/csv","Function":"checkFileType"},"level":"info"}
{"message":{"File Type":"text/csv","Function":"checkFileType"},"level":"info"}
{"message":{"File Type":"text/csv","Function":"checkFileType"},"level":"info"}
{"topic":"Something went wrong","message":"TypeError: Cannot convert undefined or null to object","level":"error"}
{"message":{"File Type":"text/csv","Function":"checkFileType"},"level":"info"}
{"message":{"File Type":"text/csv","Function":"checkFileType"},"level":"info"}
{"message":{"File Type":"text/csv","Function":"checkFileType"},"level":"info"}
{"message":{"File Type":"text/csv","Function":"checkFileType"},"level":"info"}
{"message":{"File Type":"text/csv","Function":"checkFileType"},"level":"info"}
{"message":{"File Type":"text/csv","Function":"checkFileType"},"level":"info"}
{"message":{"File Type":"text/csv","Function":"checkFileType"},"level":"info"}
{"message":{"File Type":"text/csv","Function":"checkFileType"},"level":"info"}
{"message":{"File Type":"text/csv","Function":"checkFileType"},"level":"info"}
{"message":{"File Type":"text/csv","Function":"checkFileType"},"level":"info"}
{"message":{"File Type":"text/csv","Function":"checkFileType"},"level":"info"}
{"message":{"File Type":"text/csv","Function":"checkFileType"},"level":"info"}
{"message":{"File Type":"text/csv","Function":"checkFileType"},"level":"info"}
{"message":{"File Type":"text/csv","Function":"checkFileType"},"level":"info"}
{"message":{"File Type":"text/csv","Function":"checkFileType"},"level":"info"}
{"topic":"Get Quiz Details","message":"Quiz Data Fetched successfully","level":"info"}
{"message":{"File Type":"text/csv","Function":"checkFileType"},"level":"info"}
{"message":{"File Type":"text/csv","Function":"checkFileType"},"level":"info"}
{"message":"Quiz data upload failed, something went wrong","level":"error"}
{"message":{"File Type":"text/csv","Function":"checkFileType"},"level":"info"}
{"message":"Quiz data upload failed, something went wrong","level":"error"}
{"message":{"File Type":"text/csv","Function":"checkFileType"},"level":"info"}
{"message":"Quiz data upload failed, something went wrong","level":"error"}
{"message":{"File Type":"text/csv","Function":"checkFileType"},"level":"info"}
{"message":"Quiz data upload failed, something went wrong","level":"error"}
{"message":{"File Type":null,"Function":"checkFileType"},"level":"info"}
{"message":"File type not supported","level":"error"}
{"message":{"File Type":"text/csv","Function":"checkFileType"},"level":"info"}
{"message":"Quiz data upload failed, something went wrong","level":"error"}
{"message":{"File Type":"text/csv","Function":"checkFileType"},"level":"info"}
{"message":"Quiz data upload failed, something went wrong","level":"error"}
{"message":{"File Type":"text/csv","Function":"checkFileType"},"level":"info"}
{"message":"Quiz data upload failed, something went wrong","level":"error"}
{"message":{"File Type":"text/csv","Function":"checkFileType"},"level":"info"}
{"message":{"File Type":"text/csv","Function":"checkFileType"},"level":"info"}
{"message":{"File Type":"text/csv","Function":"checkFileType"},"level":"info"}
{"message":{"File Type":"text/csv","Function":"checkFileType"},"level":"info"}
{"message":{"File Type":"text/csv","Function":"checkFileType"},"level":"info"}
{"message":{"File Type":"text/csv","Function":"checkFileType"},"level":"info"}
{"message":{"File Type":"text/csv","Function":"checkFileType"},"level":"info"}
{"message":{"File Type":"text/csv","Function":"checkFileType"},"level":"info"}
{"message":{"File Type":"text/csv","Function":"checkFileType"},"level":"info"}
{"message":{"File Type":"text/csv","Function":"checkFileType"},"level":"info"}
{"topic":"Get Quiz Details","message":"Quiz Data Fetched successfully","level":"info"}
{"topic":"Something went wrong","message":"ReferenceError: quizQuestions is not defined","level":"error"}
{"topic":"Get Quiz Details","message":"Quiz Data Fetched successfully","level":"info"}
{"topic":"Get Quiz Details","message":"Quiz Data Fetched successfully","level":"info"}
{"topic":"Get Quiz Details","message":"Quiz Data Fetched successfully","level":"info"}
{"topic":"Get Quiz Details","message":"Quiz Data Fetched successfully","level":"info"}
{"topic":"Get Quiz Details","message":"Quiz Data Fetched successfully","level":"info"}
{"topic":"Get Quiz Details","message":"Quiz Data Fetched successfully","level":"info"}
